<?xml version="1.0" encoding="UTF-8"?>
<testsuite xmlns:xsi="http://www.w3.org/2001/XMLSchema-instance" xsi:noNamespaceSchemaLocation="https://maven.apache.org/surefire/maven-surefire-plugin/xsd/surefire-test-report-3.0.xsd" version="3.0" name="com.ass1.server.ServerTest" time="1.121" tests="4" errors="0" skipped="0" failures="0">
  <properties>
    <property name="java.specification.version" value="19"/>
    <property name="sun.jnu.encoding" value="UTF-8"/>
    <property name="java.class.path" value="/Users/henrik_vik/Distribuerte Systemer/in5020-assignment1/target/test-classes:/Users/henrik_vik/Distribuerte Systemer/in5020-assignment1/target/classes:/Users/henrik_vik/.m2/repository/org/junit/jupiter/junit-jupiter-api/5.7.0/junit-jupiter-api-5.7.0.jar:/Users/henrik_vik/.m2/repository/org/apiguardian/apiguardian-api/1.1.0/apiguardian-api-1.1.0.jar:/Users/henrik_vik/.m2/repository/org/opentest4j/opentest4j/1.2.0/opentest4j-1.2.0.jar:/Users/henrik_vik/.m2/repository/org/junit/platform/junit-platform-commons/1.7.0/junit-platform-commons-1.7.0.jar:/Users/henrik_vik/.m2/repository/org/junit/jupiter/junit-jupiter-engine/5.7.0/junit-jupiter-engine-5.7.0.jar:/Users/henrik_vik/.m2/repository/org/junit/platform/junit-platform-engine/1.7.0/junit-platform-engine-1.7.0.jar:/Users/henrik_vik/.m2/repository/org/junit/jupiter/junit-jupiter-params/5.7.0/junit-jupiter-params-5.7.0.jar:"/>
    <property name="java.vm.vendor" value="Oracle Corporation"/>
    <property name="sun.arch.data.model" value="64"/>
    <property name="java.vendor.url" value="https://java.oracle.com/"/>
    <property name="os.name" value="Mac OS X"/>
    <property name="java.vm.specification.version" value="19"/>
    <property name="sun.java.launcher" value="SUN_STANDARD"/>
    <property name="user.country" value="NO"/>
    <property name="sun.boot.library.path" value="/Users/henrik_vik/Library/Java/JavaVirtualMachines/openjdk-19/Contents/Home/lib"/>
    <property name="sun.java.command" value="/Users/henrik_vik/Distribuerte Systemer/in5020-assignment1/target/surefire/surefirebooter-20240911213349897_3.jar /Users/henrik_vik/Distribuerte Systemer/in5020-assignment1/target/surefire 2024-09-11T21-33-49_774-jvmRun1 surefire-20240911213349897_1tmp surefire_0-20240911213349897_2tmp"/>
    <property name="http.nonProxyHosts" value="local|*.local|169.254/16|*.169.254/16"/>
    <property name="jdk.debug" value="release"/>
    <property name="surefire.test.class.path" value="/Users/henrik_vik/Distribuerte Systemer/in5020-assignment1/target/test-classes:/Users/henrik_vik/Distribuerte Systemer/in5020-assignment1/target/classes:/Users/henrik_vik/.m2/repository/org/junit/jupiter/junit-jupiter-api/5.7.0/junit-jupiter-api-5.7.0.jar:/Users/henrik_vik/.m2/repository/org/apiguardian/apiguardian-api/1.1.0/apiguardian-api-1.1.0.jar:/Users/henrik_vik/.m2/repository/org/opentest4j/opentest4j/1.2.0/opentest4j-1.2.0.jar:/Users/henrik_vik/.m2/repository/org/junit/platform/junit-platform-commons/1.7.0/junit-platform-commons-1.7.0.jar:/Users/henrik_vik/.m2/repository/org/junit/jupiter/junit-jupiter-engine/5.7.0/junit-jupiter-engine-5.7.0.jar:/Users/henrik_vik/.m2/repository/org/junit/platform/junit-platform-engine/1.7.0/junit-platform-engine-1.7.0.jar:/Users/henrik_vik/.m2/repository/org/junit/jupiter/junit-jupiter-params/5.7.0/junit-jupiter-params-5.7.0.jar:"/>
    <property name="sun.cpu.endian" value="little"/>
    <property name="user.home" value="/Users/henrik_vik"/>
    <property name="user.language" value="nb"/>
    <property name="java.specification.vendor" value="Oracle Corporation"/>
    <property name="java.version.date" value="2022-09-20"/>
    <property name="java.home" value="/Users/henrik_vik/Library/Java/JavaVirtualMachines/openjdk-19/Contents/Home"/>
    <property name="file.separator" value="/"/>
    <property name="basedir" value="/Users/henrik_vik/Distribuerte Systemer/in5020-assignment1"/>
    <property name="java.vm.compressedOopsMode" value="Zero based"/>
    <property name="line.separator" value="&#10;"/>
    <property name="java.vm.specification.vendor" value="Oracle Corporation"/>
    <property name="java.specification.name" value="Java Platform API Specification"/>
    <property name="apple.awt.application.name" value="ForkedBooter"/>
    <property name="surefire.real.class.path" value="/Users/henrik_vik/Distribuerte Systemer/in5020-assignment1/target/surefire/surefirebooter-20240911213349897_3.jar"/>
    <property name="sun.management.compiler" value="HotSpot 64-Bit Tiered Compilers"/>
    <property name="ftp.nonProxyHosts" value="local|*.local|169.254/16|*.169.254/16"/>
    <property name="java.runtime.version" value="19+36-2238"/>
    <property name="user.name" value="henrik_vik"/>
    <property name="stdout.encoding" value="UTF-8"/>
    <property name="path.separator" value=":"/>
    <property name="os.version" value="14.6.1"/>
    <property name="java.runtime.name" value="OpenJDK Runtime Environment"/>
    <property name="file.encoding" value="UTF-8"/>
    <property name="java.vm.name" value="OpenJDK 64-Bit Server VM"/>
    <property name="localRepository" value="/Users/henrik_vik/.m2/repository"/>
    <property name="java.vendor.url.bug" value="https://bugreport.java.com/bugreport/"/>
    <property name="java.io.tmpdir" value="/var/folders/hf/g6c2c2ys7cq5pwt4jd71w68m0000gn/T/"/>
    <property name="java.version" value="19"/>
    <property name="user.dir" value="/Users/henrik_vik/Distribuerte Systemer/in5020-assignment1"/>
    <property name="os.arch" value="x86_64"/>
    <property name="java.vm.specification.name" value="Java Virtual Machine Specification"/>
    <property name="native.encoding" value="UTF-8"/>
    <property name="java.library.path" value="/Users/henrik_vik/Library/Java/Extensions:/Library/Java/Extensions:/Network/Library/Java/Extensions:/System/Library/Java/Extensions:/usr/lib/java:."/>
    <property name="java.vm.info" value="mixed mode, sharing"/>
    <property name="stderr.encoding" value="UTF-8"/>
    <property name="java.vendor" value="Oracle Corporation"/>
    <property name="java.vm.version" value="19+36-2238"/>
    <property name="sun.io.unicode.encoding" value="UnicodeBig"/>
    <property name="socksNonProxyHosts" value="local|*.local|169.254/16|*.169.254/16"/>
    <property name="java.class.version" value="63.0"/>
  </properties>
  <testcase name="testGetNumberOfCities" classname="com.ass1.server.ServerTest" time="0.48">
    <system-out><![CDATA[Initializing server...
Loaded 230 countries.
]]></system-out>
  </testcase>
  <testcase name="testGetPopulationOfCountry" classname="com.ass1.server.ServerTest" time="0.23">
    <system-out><![CDATA[Initializing server...
Loaded 230 countries.
]]></system-out>
  </testcase>
  <testcase name="testGetNumberOfCountriesWithCityCountRange" classname="com.ass1.server.ServerTest" time="0.222">
    <system-out><![CDATA[Initializing server...
Loaded 230 countries.
]]></system-out>
  </testcase>
  <testcase name="testGetNumberOfCountriesWithMinCityCountAndPopulation" classname="com.ass1.server.ServerTest" time="0.165">
    <system-out><![CDATA[Initializing server...
Loaded 230 countries.
]]></system-out>
  </testcase>
</testsuite>